<?xml version="1.0" encoding="UTF-8"?>
<testng-results skipped="0" failed="0" total="1" passed="1">
  <reporter-output>
  </reporter-output>
  <suite name="Default suite" duration-ms="4410" started-at="2017-07-20T17:57:17Z" finished-at="2017-07-20T17:57:22Z">
    <groups>
    </groups>
    <test name="Default test" duration-ms="4410" started-at="2017-07-20T17:57:17Z" finished-at="2017-07-20T17:57:22Z">
      <class name="com.fanniemae.testcases.SDETTestCase">
        <test-method status="PASS" signature="setUp()[pri:0, instance:com.fanniemae.testcases.SDETTestCase@5c3bd550]" name="setUp" is-config="true" duration-ms="5084" started-at="2017-07-20T13:57:12Z" finished-at="2017-07-20T13:57:17Z">
          <reporter-output>
          </reporter-output>
        </test-method> <!-- setUp -->
        <test-method status="PASS" signature="loginPage()[pri:0, instance:com.fanniemae.testcases.SDETTestCase@5c3bd550]" name="loginPage" duration-ms="4398" started-at="2017-07-20T13:57:17Z" finished-at="2017-07-20T13:57:22Z">
          <reporter-output>
          </reporter-output>
        </test-method> <!-- loginPage -->
        <test-method status="PASS" signature="tearDown()[pri:0, instance:com.fanniemae.testcases.SDETTestCase@5c3bd550]" name="tearDown" is-config="true" duration-ms="48" started-at="2017-07-20T13:57:22Z" finished-at="2017-07-20T13:57:22Z">
          <reporter-output>
          </reporter-output>
        </test-method> <!-- tearDown -->
      </class> <!-- com.fanniemae.testcases.SDETTestCase -->
    </test> <!-- Default test -->
  </suite> <!-- Default suite -->
</testng-results>
